[00:00:05] [Server thread/INFO]: muromi0504 was shot by Sabomasa
[00:03:05] [Server thread/WARN]: Fetching packet for removed entity atx['Dirt'/169834, l='world', x=178.50, y=66.17, z=309.52]
[00:05:13] [Server thread/INFO]: sayaen lost connection: Disconnected
[00:05:13] [Server thread/INFO]: sayaen left the game
[00:05:27] [Server thread/INFO]: Sabomasa lost connection: Disconnected
[00:05:27] [Server thread/INFO]: Sabomasa left the game
[00:05:31] [Server thread/INFO]: <muromi0504> z
[00:05:33] [Server thread/INFO]: <SatoNo1> zz
[00:05:38] [User Authenticator #56/INFO]: UUID of player Sabomasa is 0ee5298c-1b94-41a4-b345-18158a332ab9
[00:05:38] [Server thread/INFO]: Sabomasa[/127.0.0.1:63963] logged in with entity id 171049 at (74.2888057811841, 79.0, 263.74929471793814)
[00:05:38] [Server thread/INFO]: Sabomasa joined the game
[00:05:41] [User Authenticator #57/INFO]: UUID of player sayaen is c88a7c17-0ee8-4d9b-8e8a-85748504b926
[00:05:41] [Server thread/INFO]: sayaen[/192.168.2.1:55972] logged in with entity id 171058 at (180.89043276147234, 65.0, 320.30242346874064)
[00:05:41] [Server thread/INFO]: sayaen joined the game
[00:06:51] [Server thread/INFO]: [Sabomasa: Gave 64 [Oak Wood] to Sabomasa]
[00:16:38] [Server thread/INFO]: <muromi0504> z
[00:16:40] [Server thread/INFO]: sayaen lost connection: Disconnected
[00:16:40] [Server thread/INFO]: sayaen left the game
[00:16:41] [Server thread/INFO]: Sabomasa lost connection: Disconnected
[00:16:41] [Server thread/INFO]: Sabomasa left the game
[00:16:53] [User Authenticator #58/INFO]: UUID of player Sabomasa is 0ee5298c-1b94-41a4-b345-18158a332ab9
[00:16:53] [Server thread/INFO]: Sabomasa[/127.0.0.1:64805] logged in with entity id 174636 at (85.98079894544573, 88.0, 266.50103237808673)
[00:16:53] [Server thread/INFO]: Sabomasa joined the game
[00:16:56] [User Authenticator #59/INFO]: UUID of player sayaen is c88a7c17-0ee8-4d9b-8e8a-85748504b926
[00:16:56] [Server thread/INFO]: sayaen[/192.168.2.1:55987] logged in with entity id 174655 at (186.34665058129806, 65.0, 321.5196681899171)
[00:16:56] [Server thread/INFO]: sayaen joined the game
[00:22:05] [Server thread/INFO]: [Sabomasa: Gave 3 [Flower Pot] to Sabomasa]
[00:22:44] [Server thread/INFO]: [Sabomasa: Gave 3 [Poppy] to Sabomasa]
[00:23:48] [Server thread/INFO]: sayaen has made the advancement [Diamonds!]
[00:24:18] [Server thread/INFO]: [Sabomasa: Gave 64 [Stone Bricks] to Sabomasa]
[00:24:24] [Server thread/INFO]: [Sabomasa: Gave 64 [Stone Bricks] to Sabomasa]
[00:27:21] [Server thread/INFO]: sayaen lost connection: Disconnected
[00:27:21] [Server thread/INFO]: sayaen left the game
[00:27:23] [Server thread/INFO]: <SatoNo1> z
[00:27:26] [Server thread/INFO]: Sabomasa lost connection: Disconnected
[00:27:26] [Server thread/INFO]: Sabomasa left the game
[00:27:31] [Server thread/INFO]: <muromi0504> z
[00:27:34] [User Authenticator #60/INFO]: UUID of player Sabomasa is 0ee5298c-1b94-41a4-b345-18158a332ab9
[00:27:34] [Server thread/INFO]: Sabomasa[/127.0.0.1:49195] logged in with entity id 178013 at (79.41782793423741, 81.0, 249.47119377494386)
[00:27:34] [Server thread/INFO]: Sabomasa joined the game
[00:27:36] [Server thread/INFO]: Sabomasa lost connection: Disconnected
[00:27:36] [Server thread/INFO]: Sabomasa left the game
[00:27:40] [User Authenticator #61/INFO]: UUID of player Sabomasa is 0ee5298c-1b94-41a4-b345-18158a332ab9
[00:27:40] [Server thread/INFO]: Sabomasa[/127.0.0.1:49207] logged in with entity id 178036 at (79.41782793423741, 81.0, 249.47119377494386)
[00:27:40] [Server thread/INFO]: Sabomasa joined the game
[00:27:44] [User Authenticator #62/INFO]: UUID of player sayaen is c88a7c17-0ee8-4d9b-8e8a-85748504b926
[00:27:44] [Server thread/INFO]: sayaen[/192.168.2.1:56002] logged in with entity id 178052 at (149.71066604404893, 63.0, 311.186131905393)
[00:27:44] [Server thread/INFO]: sayaen joined the game
[00:28:41] [Server thread/INFO]: [Sabomasa: Gave 500 [Stone Bricks] to Sabomasa]
[00:30:31] [Server thread/INFO]: [Sabomasa: Gave 20 [Dispenser] to Sabomasa]
[00:34:21] [Server thread/INFO]: [Sabomasa: Gave 40 [Oak Sign] to Sabomasa]
[00:34:35] [Server thread/INFO]: muromi0504 lost connection: Disconnected
[00:34:35] [Server thread/INFO]: muromi0504 left the game
[00:36:59] [Server thread/INFO]: [Sabomasa: Gave 40 [Oak Sign] to Sabomasa]
[00:38:29] [Server thread/INFO]: <SatoNo1> z
[00:38:35] [Server thread/INFO]: sayaen lost connection: Disconnected
[00:38:35] [Server thread/INFO]: sayaen left the game
[00:38:37] [Server thread/INFO]: Sabomasa lost connection: Disconnected
[00:38:37] [Server thread/INFO]: Sabomasa left the game
[00:38:42] [User Authenticator #63/INFO]: UUID of player Sabomasa is 0ee5298c-1b94-41a4-b345-18158a332ab9
[00:38:42] [Server thread/INFO]: Sabomasa[/127.0.0.1:50144] logged in with entity id 181615 at (157.72897834114508, 63.0, 286.7200825871247)
[00:38:42] [Server thread/INFO]: Sabomasa joined the game
[00:38:42] [Server thread/WARN]: Fetching packet for removed entity avm['Zombie'/181374, l='world', x=196.97, y=37.35, z=270.43]
[00:38:43] [User Authenticator #64/INFO]: UUID of player sayaen is c88a7c17-0ee8-4d9b-8e8a-85748504b926
[00:38:43] [Server thread/INFO]: sayaen[/192.168.2.1:56023] logged in with entity id 181681 at (164.43146120485528, 63.0, 267.0563971807136)
[00:38:43] [Server thread/INFO]: sayaen joined the game
[00:42:25] [Server thread/WARN]: Fetching packet for removed entity atx['Air'/183094, l='world', x=72.83, y=67.00, z=133.80]
[00:45:39] [Server thread/INFO]: [Sabomasa: Gave 100 [Oak Leaves] to Sabomasa]
[00:47:04] [Server thread/INFO]: SatoNo1 lost connection: Disconnected
[00:47:04] [Server thread/INFO]: SatoNo1 left the game
[00:49:19] [Server thread/INFO]: [Sabomasa: Set the time to 1000]
